<?xml version="1.0" encoding="UTF-8"?>
<!-- Generated by org.testng.reporters.JUnitXMLReporter -->
<testsuite ignored="3" hostname="LAPTOP-MC1B66H5" failures="0" tests="6" name="test1" time="0.053" errors="0" timestamp="2023-04-25T11:20:40 IST">
  <testcase classname="Grouping.Grouping_1" name="loginByEmail" time="0.007"/>
  <testcase classname="Grouping.Grouping_1" name="loginByFacebook" time="0.001"/>
  <testcase classname="Grouping.Grouping_1" name="loginBytwitter" time="0.003"/>
  <testcase classname="Grouping.Grouping_1" name="SignupByEmail" time="0.001"/>
  <testcase classname="Grouping.Grouping_1" name="PaymentinRupees" time="0.001"/>
  <testcase classname="Grouping.Grouping_1" name="PaymentinDollar" time="0.004"/>
  <testcase classname="Grouping.Grouping_1" name="PaymentReturnByBank" time="0.0">
    <ignored/>
  </testcase> <!-- PaymentReturnByBank -->
  <testcase classname="Grouping.Grouping_1" name="SignupByFacebook" time="0.0">
    <ignored/>
  </testcase> <!-- SignupByFacebook -->
  <testcase classname="Grouping.Grouping_1" name="SignupBytwitter" time="0.0">
    <ignored/>
  </testcase> <!-- SignupBytwitter -->
</testsuite> <!-- test1 -->
