<?xml version="1.0" encoding="UTF-8"?>
<!-- Generated by org.testng.reporters.JUnitXMLReporter -->
<testsuite ignored="0" hostname="LAPTOP-MC1B66H5" failures="0" tests="3" name="Test2" time="12.292" errors="0" timestamp="2023-04-25T20:44:53 IST">
  <testcase classname="Parametrization.Parametrization_1" name="Test2" time="0.002"/>
  <testcase classname="Parametrization.Parametrization_1" name="Test3" time="0.001"/>
  <testcase classname="Parametrization.Parametrization_1" name="Test1" time="1.14"/>
</testsuite> <!-- Test2 -->
