<?xml version="1.0" encoding="UTF-8"?>
<!-- Generated by org.testng.reporters.JUnitXMLReporter -->
<testsuite ignored="2" hostname="LAPTOP-MC1B66H5" failures="0" tests="5" name="Test" time="22.927" errors="0" timestamp="2023-05-20T11:55:55 IST">
  <testcase classname="TestNG.TestCase" name="OpenApp" time="11.677"/>
  <testcase classname="TestNG.Before_Test" name="TestMethod2" time="0.004"/>
  <testcase classname="TestNG.Before_Test" name="TestMethod1" time="0.002"/>
  <testcase classname="TestNG.Before_Method" name="Search" time="1.06"/>
  <testcase classname="TestNG.Before_Method" name="AdvanceSearch" time="0.003"/>
  <testcase classname="TestNG.TestCase" name="Login" time="0.0">
    <ignored/>
  </testcase> <!-- Login -->
  <testcase classname="TestNG.TestCase" name="Close" time="0.0">
    <ignored/>
  </testcase> <!-- Close -->
</testsuite> <!-- Test -->
