<?xml version="1.0" encoding="UTF-8"?>
<!-- Generated by org.testng.reporters.JUnitXMLReporter -->
<testsuite ignored="0" hostname="LAPTOP-MC1B66H5" failures="0" tests="3" name="Test1" time="10.146" errors="0" timestamp="2023-04-25T20:44:51 IST">
  <testcase classname="Parametrization.Parametrization_1" name="Test2" time="0.014"/>
  <testcase classname="Parametrization.Parametrization_1" name="Test3" time="0.001"/>
  <testcase classname="Parametrization.Parametrization_1" name="Test1" time="0.654"/>
</testsuite> <!-- Test1 -->
