<?xml version="1.0" encoding="UTF-8"?>
<!-- Generated by org.testng.reporters.JUnitXMLReporter -->
<testsuite ignored="1" hostname="LAPTOP-MC1B66H5" failures="0" tests="2" name="test1" time="0.06" errors="0" timestamp="2023-05-20T16:12:39 IST">
  <testcase classname="Grouping.IncludeSingleTest" name="method1" time="0.008"/>
  <testcase classname="Grouping.IncludeSingleTest" name="method3" time="0.009"/>
  <testcase classname="Grouping.IncludeSingleTest" name="method2" time="0.0">
    <ignored/>
  </testcase> <!-- method2 -->
</testsuite> <!-- test1 -->
